<?xml version="1.0" encoding="UTF-8"?>
<!-- Generated by org.testng.reporters.JUnitReportReporter -->
<testsuite hostname="SidPanInc" failures="0" tests="3" name="testcase.TestCase1" time="39.859" errors="0" timestamp="2023-09-07T10:42:27 IST" skipped="0">
  <testcase classname="testcase.TestCase1" name="login_test" time="15.795">
    <system-out>
      <![CDATA[User name typed
Password typed
Logged in!!!!
Page title verified
Menu clicked to log out!!
Logged out!!]]>
    </system-out>
  </testcase> <!-- login_test -->
  <testcase classname="testcase.TestCase1" name="login_test" time="10.472">
    <system-out>
      <![CDATA[User name typed
Password typed
Logged in!!!!
Page title verified
Menu clicked to log out!!
Logged out!!]]>
    </system-out>
  </testcase> <!-- login_test -->
  <testcase classname="testcase.TestCase1" name="login_test" time="13.592">
    <system-out>
      <![CDATA[User name typed
Password typed
Logged in!!!!
Page title verified
Menu clicked to log out!!
Logged out!!]]>
    </system-out>
  </testcase> <!-- login_test -->
  <system-out>
    <![CDATA[User name typed
Password typed
Logged in!!!!
Page title verified
Menu clicked to log out!!
Logged out!!
User name typed
Password typed
Logged in!!!!
Page title verified
Menu clicked to log out!!
Logged out!!
User name typed
Password typed
Logged in!!!!
Page title verified
Menu clicked to log out!!
Logged out!!]]>
  </system-out>
</testsuite> <!-- testcase.TestCase1 -->
